{
  "stats": {
    "suites": 1,
    "tests": 23,
    "passes": 16,
    "pending": 0,
    "failures": 7,
    "start": "2020-05-31T12:05:30.636Z",
    "end": "2020-05-31T12:07:56.391Z",
    "duration": 145755,
    "testsRegistered": 23,
    "passPercent": 69.56521739130434,
    "pendingPercent": 0,
    "other": 0,
    "hasOther": false,
    "skipped": 0,
    "hasSkipped": false
  },
  "results": [
    {
      "uuid": "5f4d4755-c09c-4552-ba5f-18f2fc4f766b",
      "title": "",
      "fullFile": "cypress/integration/integration-tests/sample.js",
      "file": "cypress/integration/integration-tests/sample.js",
      "beforeHooks": [],
      "afterHooks": [],
      "tests": [],
      "suites": [
        {
          "uuid": "6a90059f-2d5d-4913-aa77-48b970ecec5f",
          "title": "Sample tests using - LinkedIn",
          "fullFile": "",
          "file": "",
          "beforeHooks": [],
          "afterHooks": [],
          "tests": [
            {
              "title": "LinkedIn page",
              "fullTitle": "Sample tests using - LinkedIn LinkedIn page",
              "timedOut": null,
              "duration": 2409,
              "state": "passed",
              "speed": "slow",
              "pass": true,
              "fail": false,
              "pending": false,
              "context": null,
              "code": "sample.verifyLinkedInLogo();",
              "err": {},
              "uuid": "693056c1-a152-42b5-aca6-f25ef2e185cd",
              "parentUUID": "6a90059f-2d5d-4913-aa77-48b970ecec5f",
              "isHook": false,
              "skipped": false
            },
            {
              "title": "Verify Join now and url after clicking it",
              "fullTitle": "Sample tests using - LinkedIn Verify Join now and url after clicking it",
              "timedOut": null,
              "duration": 2550,
              "state": "passed",
              "speed": "slow",
              "pass": true,
              "fail": false,
              "pending": false,
              "context": null,
              "code": "sample.verifyText();\nsample.verifyText1();\nsample.verifyText2();",
              "err": {},
              "uuid": "23ecc382-e476-4d59-8d32-4a1973ca277c",
              "parentUUID": "6a90059f-2d5d-4913-aa77-48b970ecec5f",
              "isHook": false,
              "skipped": false
            },
            {
              "title": "Verify Sign in and url after clicking it",
              "fullTitle": "Sample tests using - LinkedIn Verify Sign in and url after clicking it",
              "timedOut": null,
              "duration": 2858,
              "state": "passed",
              "speed": "slow",
              "pass": true,
              "fail": false,
              "pending": false,
              "context": null,
              "code": "sample.verifySignInUrl();",
              "err": {},
              "uuid": "671abc2b-1208-4ca4-a93b-564d1309ea05",
              "parentUUID": "6a90059f-2d5d-4913-aa77-48b970ecec5f",
              "isHook": false,
              "skipped": false
            },
            {
              "title": "Verify different data switcher",
              "fullTitle": "Sample tests using - LinkedIn Verify different data switcher",
              "timedOut": null,
              "duration": 5070,
              "state": "failed",
              "speed": null,
              "pass": false,
              "fail": true,
              "pending": false,
              "context": null,
              "code": "sample.verifySwitches();",
              "err": {
                "message": "AssertionError: Timed out retrying: Expected to find content: 'People' within the element: <section.base-search-bar> but never did.",
                "estack": "AssertionError: Timed out retrying: Expected to find content: 'People' within the element: <section.base-search-bar> but never did.\n    at Sample.verifySwitches (https://www.linkedin.com/__cypress/tests?p=cypress/integration/integration-tests/sample.js:250:27)\n    at Context.eval (https://www.linkedin.com/__cypress/tests?p=cypress/integration/integration-tests/sample.js:21:12)",
                "diff": null
              },
              "uuid": "8783db2d-1e58-4e23-bb03-467b6002b5c1",
              "parentUUID": "6a90059f-2d5d-4913-aa77-48b970ecec5f",
              "isHook": false,
              "skipped": false
            },
            {
              "title": "Verify sign in fields",
              "fullTitle": "Sample tests using - LinkedIn Verify sign in fields",
              "timedOut": null,
              "duration": 527,
              "state": "passed",
              "speed": "slow",
              "pass": true,
              "fail": false,
              "pending": false,
              "context": null,
              "code": "sample.verifySignInFields();",
              "err": {},
              "uuid": "92a8fadf-922a-4d37-a6db-ea0c22300bd4",
              "parentUUID": "6a90059f-2d5d-4913-aa77-48b970ecec5f",
              "isHook": false,
              "skipped": false
            },
            {
              "title": "Login to page by adding details",
              "fullTitle": "Sample tests using - LinkedIn Login to page by adding details",
              "timedOut": null,
              "duration": 23141,
              "state": "passed",
              "speed": "slow",
              "pass": true,
              "fail": false,
              "pending": false,
              "context": null,
              "code": "sample.checkLoginByEnteringDetails();",
              "err": {},
              "uuid": "1b112f50-9d95-4194-b309-9bd815862739",
              "parentUUID": "6a90059f-2d5d-4913-aa77-48b970ecec5f",
              "isHook": false,
              "skipped": false
            },
            {
              "title": "View the footer of linkedIn",
              "fullTitle": "Sample tests using - LinkedIn View the footer of linkedIn",
              "timedOut": null,
              "duration": 664,
              "state": "passed",
              "speed": "slow",
              "pass": true,
              "fail": false,
              "pending": false,
              "context": null,
              "code": "sample.checkFooter();",
              "err": {},
              "uuid": "451639be-acdb-46ce-a104-0975f4365597",
              "parentUUID": "6a90059f-2d5d-4913-aa77-48b970ecec5f",
              "isHook": false,
              "skipped": false
            },
            {
              "title": "Check the second section in Home page",
              "fullTitle": "Sample tests using - LinkedIn Check the second section in Home page",
              "timedOut": null,
              "duration": 3472,
              "state": "passed",
              "speed": "slow",
              "pass": true,
              "fail": false,
              "pending": false,
              "context": null,
              "code": "sample.secondSectionLinkedIn();",
              "err": {},
              "uuid": "f12d5711-0259-4fa0-a167-6fc12d16f3a8",
              "parentUUID": "6a90059f-2d5d-4913-aa77-48b970ecec5f",
              "isHook": false,
              "skipped": false
            },
            {
              "title": "check the third section",
              "fullTitle": "Sample tests using - LinkedIn check the third section",
              "timedOut": null,
              "duration": 2871,
              "state": "passed",
              "speed": "slow",
              "pass": true,
              "fail": false,
              "pending": false,
              "context": null,
              "code": "sample.thirdSectionLinkedIn();",
              "err": {},
              "uuid": "b99484af-584b-4703-8942-4555746d7cb9",
              "parentUUID": "6a90059f-2d5d-4913-aa77-48b970ecec5f",
              "isHook": false,
              "skipped": false
            },
            {
              "title": "check the 4th section",
              "fullTitle": "Sample tests using - LinkedIn check the 4th section",
              "timedOut": null,
              "duration": 6280,
              "state": "passed",
              "speed": "slow",
              "pass": true,
              "fail": false,
              "pending": false,
              "context": null,
              "code": "sample.fourthSectionLinkedIn();",
              "err": {},
              "uuid": "0934d395-3faf-4c32-8e07-90c53e1d8698",
              "parentUUID": "6a90059f-2d5d-4913-aa77-48b970ecec5f",
              "isHook": false,
              "skipped": false
            },
            {
              "title": "check the 6th section",
              "fullTitle": "Sample tests using - LinkedIn check the 6th section",
              "timedOut": null,
              "duration": 4735,
              "state": "passed",
              "speed": "slow",
              "pass": true,
              "fail": false,
              "pending": false,
              "context": null,
              "code": "sample.sixthSectionLinkedIn();",
              "err": {},
              "uuid": "de785623-e9ae-4683-a776-efb944fe8a54",
              "parentUUID": "6a90059f-2d5d-4913-aa77-48b970ecec5f",
              "isHook": false,
              "skipped": false
            },
            {
              "title": "seventh section",
              "fullTitle": "Sample tests using - LinkedIn seventh section",
              "timedOut": null,
              "duration": 5108,
              "state": "failed",
              "speed": null,
              "pass": false,
              "fail": true,
              "pending": false,
              "context": null,
              "code": "sample.seventhSectionLinkedIn();",
              "err": {
                "message": "AssertionError: Timed out retrying: Expected to find element: `.brand-discovery`, but never found it.",
                "estack": "AssertionError: Timed out retrying: Expected to find element: `.brand-discovery`, but never found it.\n    at Sample.seventhSectionLinkedIn (https://www.linkedin.com/__cypress/tests?p=cypress/integration/integration-tests/sample.js:401:10)\n    at Context.eval (https://www.linkedin.com/__cypress/tests?p=cypress/integration/integration-tests/sample.js:45:12)",
                "diff": null
              },
              "uuid": "041725e3-9a40-4c63-83d5-90efa53eb6e3",
              "parentUUID": "6a90059f-2d5d-4913-aa77-48b970ecec5f",
              "isHook": false,
              "skipped": false
            },
            {
              "title": "Last section",
              "fullTitle": "Sample tests using - LinkedIn Last section",
              "timedOut": null,
              "duration": 3514,
              "state": "passed",
              "speed": "slow",
              "pass": true,
              "fail": false,
              "pending": false,
              "context": null,
              "code": "sample.lastSectionLinkedIn();",
              "err": {},
              "uuid": "92ad02ff-d44f-45ef-ad74-afaa0f0035b9",
              "parentUUID": "6a90059f-2d5d-4913-aa77-48b970ecec5f",
              "isHook": false,
              "skipped": false
            },
            {
              "title": "Join now",
              "fullTitle": "Sample tests using - LinkedIn Join now",
              "timedOut": null,
              "duration": 1671,
              "state": "passed",
              "speed": "slow",
              "pass": true,
              "fail": false,
              "pending": false,
              "context": null,
              "code": "sample.joinNowLinkedIn();",
              "err": {},
              "uuid": "135ac78c-e280-46ff-815f-fbc2a65ddaa2",
              "parentUUID": "6a90059f-2d5d-4913-aa77-48b970ecec5f",
              "isHook": false,
              "skipped": false
            },
            {
              "title": "Sign up page when given weak password",
              "fullTitle": "Sample tests using - LinkedIn Sign up page when given weak password",
              "timedOut": null,
              "duration": 5184,
              "state": "failed",
              "speed": null,
              "pass": false,
              "fail": true,
              "pending": false,
              "context": null,
              "code": "sample.enterEmailAndPwd();\nsample.enterFirstNameAndLastName();\nsample.checkWeakPwdAlert();",
              "err": {
                "message": "CypressError: Timed out retrying: `cy.type()` failed because this element is not visible:\n\n`<label class=\"join-form-input__label\" for=\"email-or-phone\">Email o...</label>`\n\nThis element `<label.join-form-input__label>` is not visible because it has CSS property: `display: none`\n\nFix this problem, or use `{force: true}` to disable error checking.\n\nhttps://on.cypress.io/element-cannot-be-interacted-with",
                "estack": "CypressError: Timed out retrying: `cy.type()` failed because this element is not visible:\n\n`<label class=\"join-form-input__label\" for=\"email-or-phone\">Email o...</label>`\n\nThis element `<label.join-form-input__label>` is not visible because it has CSS property: `display: none`\n\nFix this problem, or use `{force: true}` to disable error checking.\n\nhttps://on.cypress.io/element-cannot-be-interacted-with\n    at Object.ensureVisibility (https://www.linkedin.com/__cypress/runner/cypress_runner.js:148505:24)\n    at runAllChecks (https://www.linkedin.com/__cypress/runner/cypress_runner.js:137846:14)\n    at retryActionability (https://www.linkedin.com/__cypress/runner/cypress_runner.js:137889:16)\n    at tryCatcher (https://www.linkedin.com/__cypress/runner/cypress_runner.js:10384:23)\n    at Function.Promise.attempt.Promise.try (https://www.linkedin.com/__cypress/runner/cypress_runner.js:7658:29)\n    at tryFn (https://www.linkedin.com/__cypress/runner/cypress_runner.js:151745:24)\n    at whenStable (https://www.linkedin.com/__cypress/runner/cypress_runner.js:151786:12)\n    at https://www.linkedin.com/__cypress/runner/cypress_runner.js:151309:16\n    at tryCatcher (https://www.linkedin.com/__cypress/runner/cypress_runner.js:10384:23)\n    at Promise._settlePromiseFromHandler (https://www.linkedin.com/__cypress/runner/cypress_runner.js:8319:31)\n    at Promise._settlePromise (https://www.linkedin.com/__cypress/runner/cypress_runner.js:8376:18)\n    at Promise._settlePromise0 (https://www.linkedin.com/__cypress/runner/cypress_runner.js:8421:10)\n    at Promise._settlePromises (https://www.linkedin.com/__cypress/runner/cypress_runner.js:8501:18)\n    at Promise._fulfill (https://www.linkedin.com/__cypress/runner/cypress_runner.js:8445:18)\n    at https://www.linkedin.com/__cypress/runner/cypress_runner.js:10059:46\nFrom Your Spec Code:\n    at Sample.enterEmailAndPwd (https://www.linkedin.com/__cypress/tests?p=cypress/integration/integration-tests/sample.js:349:35)\n    at Context.eval (https://www.linkedin.com/__cypress/tests?p=cypress/integration/integration-tests/sample.js:54:12)",
                "diff": null
              },
              "uuid": "8d7c0a41-a4f6-4f5c-aca5-27c5e2d2358d",
              "parentUUID": "6a90059f-2d5d-4913-aa77-48b970ecec5f",
              "isHook": false,
              "skipped": false
            },
            {
              "title": "sign up page when same email is used",
              "fullTitle": "Sample tests using - LinkedIn sign up page when same email is used",
              "timedOut": null,
              "duration": 4929,
              "state": "failed",
              "speed": null,
              "pass": false,
              "fail": true,
              "pending": false,
              "context": null,
              "code": "// sample.enterSameEmailAndPwd();\n// sample.enterFirstNameAndLastName();\n// sample.checkSameEmailAlert();\ncy.visit('https://www.linkedin.com/signup');\ncy.get('[for=\"email-or-phone\"]').type('testing_robot@outlook.com');\ncy.get('#email-or-phone').should('have.value', 'testing_robot@outlook.com');\ncy.get('[for=\"password\"]').type('password_2020');\ncy.get('#password').should('have.value', 'password_2020');\ncy.get('#join-form-submit').contains('Agree & Join').click({\n  force: true\n});\ncy.get('.join-form__form-body').should('be.visible');\ncy.get('#first-name').type('Testing');\ncy.get('#last-name').type('test');\ncy.get('#join-form-submit').contains('Continue').click();\ncy.get('.alert').should('be.visible').contains('Someone’s already using that email.');",
              "err": {
                "message": "CypressError: Timed out retrying: `cy.type()` failed because this element is not visible:\n\n`<label class=\"join-form-input__label\" for=\"email-or-phone\">Email o...</label>`\n\nThis element `<label.join-form-input__label>` is not visible because it has CSS property: `display: none`\n\nFix this problem, or use `{force: true}` to disable error checking.\n\nhttps://on.cypress.io/element-cannot-be-interacted-with",
                "estack": "CypressError: Timed out retrying: `cy.type()` failed because this element is not visible:\n\n`<label class=\"join-form-input__label\" for=\"email-or-phone\">Email o...</label>`\n\nThis element `<label.join-form-input__label>` is not visible because it has CSS property: `display: none`\n\nFix this problem, or use `{force: true}` to disable error checking.\n\nhttps://on.cypress.io/element-cannot-be-interacted-with\n    at Object.ensureVisibility (https://www.linkedin.com/__cypress/runner/cypress_runner.js:148505:24)\n    at runAllChecks (https://www.linkedin.com/__cypress/runner/cypress_runner.js:137846:14)\n    at retryActionability (https://www.linkedin.com/__cypress/runner/cypress_runner.js:137889:16)\n    at tryCatcher (https://www.linkedin.com/__cypress/runner/cypress_runner.js:10384:23)\n    at Function.Promise.attempt.Promise.try (https://www.linkedin.com/__cypress/runner/cypress_runner.js:7658:29)\n    at tryFn (https://www.linkedin.com/__cypress/runner/cypress_runner.js:151745:24)\n    at whenStable (https://www.linkedin.com/__cypress/runner/cypress_runner.js:151786:12)\n    at https://www.linkedin.com/__cypress/runner/cypress_runner.js:151309:16\n    at tryCatcher (https://www.linkedin.com/__cypress/runner/cypress_runner.js:10384:23)\n    at Promise._settlePromiseFromHandler (https://www.linkedin.com/__cypress/runner/cypress_runner.js:8319:31)\n    at Promise._settlePromise (https://www.linkedin.com/__cypress/runner/cypress_runner.js:8376:18)\n    at Promise._settlePromise0 (https://www.linkedin.com/__cypress/runner/cypress_runner.js:8421:10)\n    at Promise._settlePromises (https://www.linkedin.com/__cypress/runner/cypress_runner.js:8501:18)\n    at Promise._fulfill (https://www.linkedin.com/__cypress/runner/cypress_runner.js:8445:18)\n    at https://www.linkedin.com/__cypress/runner/cypress_runner.js:10059:46\nFrom Your Spec Code:\n    at Context.eval (https://www.linkedin.com/__cypress/tests?p=cypress/integration/integration-tests/sample.js:63:38)",
                "diff": null
              },
              "uuid": "dd599faa-585a-4b73-95cc-b3dde4ed6df9",
              "parentUUID": "6a90059f-2d5d-4913-aa77-48b970ecec5f",
              "isHook": false,
              "skipped": false
            },
            {
              "title": "Sign up on giving correct details untill iframe comes which is pop up",
              "fullTitle": "Sample tests using - LinkedIn Sign up on giving correct details untill iframe comes which is pop up",
              "timedOut": null,
              "duration": 5093,
              "state": "failed",
              "speed": null,
              "pass": false,
              "fail": true,
              "pending": false,
              "context": null,
              "code": "cy.visit('https://www.linkedin.com/signup');\ncy.get('[for=\"email-or-phone\"]').type('testing_robot+4@outlook.com');\ncy.get('#email-or-phone').should('have.value', 'testing_robot+4@outlook.com');\ncy.get('[for=\"password\"]').type('password_2020');\ncy.get('#password').should('have.value', 'password_2020');\ncy.get('#join-form-submit').contains('Agree & Join').click({\n  force: true\n});\ncy.get('.join-form__form-body').should('be.visible');\ncy.get('#first-name').type('Testing');\ncy.get('#last-name').type('test');\ncy.get('#join-form-submit').contains('Continue').click();\ncy.get('.challenge-dialog__iframe').should('be.visible');",
              "err": {
                "message": "CypressError: Timed out retrying: `cy.type()` failed because this element is not visible:\n\n`<label class=\"join-form-input__label\" for=\"email-or-phone\">Email o...</label>`\n\nThis element `<label.join-form-input__label>` is not visible because it has CSS property: `display: none`\n\nFix this problem, or use `{force: true}` to disable error checking.\n\nhttps://on.cypress.io/element-cannot-be-interacted-with",
                "estack": "CypressError: Timed out retrying: `cy.type()` failed because this element is not visible:\n\n`<label class=\"join-form-input__label\" for=\"email-or-phone\">Email o...</label>`\n\nThis element `<label.join-form-input__label>` is not visible because it has CSS property: `display: none`\n\nFix this problem, or use `{force: true}` to disable error checking.\n\nhttps://on.cypress.io/element-cannot-be-interacted-with\n    at Object.ensureVisibility (https://www.linkedin.com/__cypress/runner/cypress_runner.js:148505:24)\n    at runAllChecks (https://www.linkedin.com/__cypress/runner/cypress_runner.js:137846:14)\n    at retryActionability (https://www.linkedin.com/__cypress/runner/cypress_runner.js:137889:16)\n    at tryCatcher (https://www.linkedin.com/__cypress/runner/cypress_runner.js:10384:23)\n    at Function.Promise.attempt.Promise.try (https://www.linkedin.com/__cypress/runner/cypress_runner.js:7658:29)\n    at tryFn (https://www.linkedin.com/__cypress/runner/cypress_runner.js:151745:24)\n    at whenStable (https://www.linkedin.com/__cypress/runner/cypress_runner.js:151786:12)\n    at https://www.linkedin.com/__cypress/runner/cypress_runner.js:151309:16\n    at tryCatcher (https://www.linkedin.com/__cypress/runner/cypress_runner.js:10384:23)\n    at Promise._settlePromiseFromHandler (https://www.linkedin.com/__cypress/runner/cypress_runner.js:8319:31)\n    at Promise._settlePromise (https://www.linkedin.com/__cypress/runner/cypress_runner.js:8376:18)\n    at Promise._settlePromise0 (https://www.linkedin.com/__cypress/runner/cypress_runner.js:8421:10)\n    at Promise._settlePromises (https://www.linkedin.com/__cypress/runner/cypress_runner.js:8501:18)\n    at Promise._fulfill (https://www.linkedin.com/__cypress/runner/cypress_runner.js:8445:18)\n    at https://www.linkedin.com/__cypress/runner/cypress_runner.js:10059:46\nFrom Your Spec Code:\n    at Context.eval (https://www.linkedin.com/__cypress/tests?p=cypress/integration/integration-tests/sample.js:78:38)",
                "diff": null
              },
              "uuid": "10621b03-0ef6-44f0-99f0-a93cae9b376f",
              "parentUUID": "6a90059f-2d5d-4913-aa77-48b970ecec5f",
              "isHook": false,
              "skipped": false
            },
            {
              "title": "check cancel button when trying to do forgot pwd",
              "fullTitle": "Sample tests using - LinkedIn check cancel button when trying to do forgot pwd",
              "timedOut": null,
              "duration": 1735,
              "state": "passed",
              "speed": "slow",
              "pass": true,
              "fail": false,
              "pending": false,
              "context": null,
              "code": "sample.verifyCancellingForgotPwdTask();",
              "err": {},
              "uuid": "cee401d4-aab1-442a-8743-832541a7f5db",
              "parentUUID": "6a90059f-2d5d-4913-aa77-48b970ecec5f",
              "isHook": false,
              "skipped": false
            },
            {
              "title": "After login check few things",
              "fullTitle": "Sample tests using - LinkedIn After login check few things",
              "timedOut": null,
              "duration": 9890,
              "state": "passed",
              "speed": "slow",
              "pass": true,
              "fail": false,
              "pending": false,
              "context": null,
              "code": "sample.verifyAfterLogin();",
              "err": {},
              "uuid": "e2de837e-caff-4de7-b8e1-ef644969e82c",
              "parentUUID": "6a90059f-2d5d-4913-aa77-48b970ecec5f",
              "isHook": false,
              "skipped": false
            },
            {
              "title": "Verify urls of nav bar after clicking",
              "fullTitle": "Sample tests using - LinkedIn Verify urls of nav bar after clicking",
              "timedOut": null,
              "duration": 17248,
              "state": "passed",
              "speed": "slow",
              "pass": true,
              "fail": false,
              "pending": false,
              "context": null,
              "code": "sample.verifyUrlOfNavBar();",
              "err": {},
              "uuid": "7da3f71f-e9b2-4ccd-b4a9-95a91074ac62",
              "parentUUID": "6a90059f-2d5d-4913-aa77-48b970ecec5f",
              "isHook": false,
              "skipped": false
            },
            {
              "title": "After loging in check all options under Me",
              "fullTitle": "Sample tests using - LinkedIn After loging in check all options under Me",
              "timedOut": null,
              "duration": 8940,
              "state": "failed",
              "speed": null,
              "pass": false,
              "fail": true,
              "pending": false,
              "context": null,
              "code": "sample.verifyOptionsUnderMe();",
              "err": {
                "message": "AssertionError: Timed out retrying: Expected to find element: `.nav-item__title-container`, but never found it.",
                "estack": "AssertionError: Timed out retrying: Expected to find element: `.nav-item__title-container`, but never found it.\n    at Sample.checkLoginByEnteringDetails (https://www.linkedin.com/__cypress/tests?p=cypress/integration/integration-tests/sample.js:269:10)\n    at Sample.verifyOptionsUnderMe (https://www.linkedin.com/__cypress/tests?p=cypress/integration/integration-tests/sample.js:440:12)\n    at Context.eval (https://www.linkedin.com/__cypress/tests?p=cypress/integration/integration-tests/sample.js:102:12)",
                "diff": null
              },
              "uuid": "ad1031fa-68bd-4eb6-a3cd-87b8b5f0562c",
              "parentUUID": "6a90059f-2d5d-4913-aa77-48b970ecec5f",
              "isHook": false,
              "skipped": false
            },
            {
              "title": "Verify Launchpad options",
              "fullTitle": "Sample tests using - LinkedIn Verify Launchpad options",
              "timedOut": null,
              "duration": 13457,
              "state": "failed",
              "speed": null,
              "pass": false,
              "fail": true,
              "pending": false,
              "context": null,
              "code": "sample.verifyOptionsInLaunchpad();",
              "err": {
                "message": "CypressError: Timed out retrying: `cy.click()` failed because this element:\n\n`<svg xmlns=\"http://www.w3.org/2000/svg\" viewBox=\"0 0 16 16\" data-supported-dps=\"16x16\" fill=\"currentColor\" width=\"16\" height=\"16\" focusable=\"false\">...</svg>`\n\nis being covered by another element:\n\n`<html lang=\"en\" class=\"artdeco osx\">...</html>`\n\nFix this problem, or use {force: true} to disable error checking.\n\nhttps://on.cypress.io/element-cannot-be-interacted-with",
                "estack": "CypressError: Timed out retrying: `cy.click()` failed because this element:\n\n`<svg xmlns=\"http://www.w3.org/2000/svg\" viewBox=\"0 0 16 16\" data-supported-dps=\"16x16\" fill=\"currentColor\" width=\"16\" height=\"16\" focusable=\"false\">...</svg>`\n\nis being covered by another element:\n\n`<html lang=\"en\" class=\"artdeco osx\">...</html>`\n\nFix this problem, or use {force: true} to disable error checking.\n\nhttps://on.cypress.io/element-cannot-be-interacted-with\n    at Object.ensureDescendents (https://www.linkedin.com/__cypress/runner/cypress_runner.js:148655:26)\n    at ensureDescendents (https://www.linkedin.com/__cypress/runner/cypress_runner.js:137601:8)\n    at ensureDescendentsAndScroll (https://www.linkedin.com/__cypress/runner/cypress_runner.js:137608:14)\n    at ensureElIsNotCovered (https://www.linkedin.com/__cypress/runner/cypress_runner.js:137737:5)\n    at runAllChecks (https://www.linkedin.com/__cypress/runner/cypress_runner.js:137874:52)\n    at retryActionability (https://www.linkedin.com/__cypress/runner/cypress_runner.js:137889:16)\n    at tryCatcher (https://www.linkedin.com/__cypress/runner/cypress_runner.js:10384:23)\n    at Function.Promise.attempt.Promise.try (https://www.linkedin.com/__cypress/runner/cypress_runner.js:7658:29)\n    at tryFn (https://www.linkedin.com/__cypress/runner/cypress_runner.js:151745:24)\n    at whenStable (https://www.linkedin.com/__cypress/runner/cypress_runner.js:151786:12)\n    at https://www.linkedin.com/__cypress/runner/cypress_runner.js:151309:16\n    at tryCatcher (https://www.linkedin.com/__cypress/runner/cypress_runner.js:10384:23)\n    at Promise._settlePromiseFromHandler (https://www.linkedin.com/__cypress/runner/cypress_runner.js:8319:31)\n    at Promise._settlePromise (https://www.linkedin.com/__cypress/runner/cypress_runner.js:8376:18)\n    at Promise._settlePromise0 (https://www.linkedin.com/__cypress/runner/cypress_runner.js:8421:10)\n    at Promise._settlePromises (https://www.linkedin.com/__cypress/runner/cypress_runner.js:8501:18)\nFrom Your Spec Code:\n    at Sample.verifyOptionsInLaunchpad (https://www.linkedin.com/__cypress/tests?p=cypress/integration/integration-tests/sample.js:463:35)\n    at Context.eval (https://www.linkedin.com/__cypress/tests?p=cypress/integration/integration-tests/sample.js:105:12)",
                "diff": null
              },
              "uuid": "25d885d1-cd55-404a-8738-1d49a72c350b",
              "parentUUID": "6a90059f-2d5d-4913-aa77-48b970ecec5f",
              "isHook": false,
              "skipped": false
            },
            {
              "title": "Verify saved items url",
              "fullTitle": "Sample tests using - LinkedIn Verify saved items url",
              "timedOut": null,
              "duration": 11142,
              "state": "passed",
              "speed": "slow",
              "pass": true,
              "fail": false,
              "pending": false,
              "context": null,
              "code": "sample.verifySavedItemsAndGrowNetworksUrl();",
              "err": {},
              "uuid": "94387c30-85ce-4609-a792-91c6456a514a",
              "parentUUID": "6a90059f-2d5d-4913-aa77-48b970ecec5f",
              "isHook": false,
              "skipped": false
            }
          ],
          "suites": [],
          "passes": [
            "693056c1-a152-42b5-aca6-f25ef2e185cd",
            "23ecc382-e476-4d59-8d32-4a1973ca277c",
            "671abc2b-1208-4ca4-a93b-564d1309ea05",
            "92a8fadf-922a-4d37-a6db-ea0c22300bd4",
            "1b112f50-9d95-4194-b309-9bd815862739",
            "451639be-acdb-46ce-a104-0975f4365597",
            "f12d5711-0259-4fa0-a167-6fc12d16f3a8",
            "b99484af-584b-4703-8942-4555746d7cb9",
            "0934d395-3faf-4c32-8e07-90c53e1d8698",
            "de785623-e9ae-4683-a776-efb944fe8a54",
            "92ad02ff-d44f-45ef-ad74-afaa0f0035b9",
            "135ac78c-e280-46ff-815f-fbc2a65ddaa2",
            "cee401d4-aab1-442a-8743-832541a7f5db",
            "e2de837e-caff-4de7-b8e1-ef644969e82c",
            "7da3f71f-e9b2-4ccd-b4a9-95a91074ac62",
            "94387c30-85ce-4609-a792-91c6456a514a"
          ],
          "failures": [
            "8783db2d-1e58-4e23-bb03-467b6002b5c1",
            "041725e3-9a40-4c63-83d5-90efa53eb6e3",
            "8d7c0a41-a4f6-4f5c-aca5-27c5e2d2358d",
            "dd599faa-585a-4b73-95cc-b3dde4ed6df9",
            "10621b03-0ef6-44f0-99f0-a93cae9b376f",
            "ad1031fa-68bd-4eb6-a3cd-87b8b5f0562c",
            "25d885d1-cd55-404a-8738-1d49a72c350b"
          ],
          "pending": [],
          "skipped": [],
          "duration": 142488,
          "root": false,
          "rootEmpty": false,
          "_timeout": 2000
        }
      ],
      "passes": [],
      "failures": [],
      "pending": [],
      "skipped": [],
      "duration": 0,
      "root": true,
      "rootEmpty": true,
      "_timeout": 2000
    }
  ],
  "meta": {
    "mocha": {
      "version": "7.0.1"
    },
    "mochawesome": {
      "options": {
        "quiet": false,
        "reportFilename": "mochawesome",
        "saveHtml": true,
        "saveJson": true,
        "consoleReporter": "spec",
        "useInlineDiffs": false,
        "code": true
      },
      "version": "6.1.1"
    },
    "marge": {
      "options": {},
      "version": "5.1.0"
    }
  }
}